2025-11-03 04:47:05,132 - SCRAPER - INFO - low info url: https://ics.uci.edu/research-areas/health-informatics
2025-11-03 04:47:11,547 - SCRAPER - INFO - low info url: https://ics.uci.edu/flipbook/project-expo-2025
2025-11-03 04:47:45,839 - SCRAPER - INFO - low info url: https://tad.ics.uci.edu/login
2025-11-03 04:47:54,633 - SCRAPER - INFO - low info url: http://www.ics.uci.edu/%7Emagda/courses.html
2025-11-03 04:49:09,264 - SCRAPER - INFO - low info url: https://www.ics.uci.edu/~zhaoxia/CNCM2023
2025-11-03 04:49:47,048 - SCRAPER - INFO - low info url: http://intranet.ics.uci.edu
2025-11-03 04:50:02,784 - SCRAPER - INFO - low info url: https://support.ics.uci.edu/laptops
2025-11-03 04:50:09,533 - SCRAPER - INFO - low info url: https://support.ics.uci.edu/elnino2
2025-11-03 04:50:11,931 - SCRAPER - INFO - low info url: https://helpdesk.ics.uci.edu/Ticket/Display.html?id=73286
2025-11-03 04:50:12,452 - SCRAPER - INFO - low info url: https://helpdesk.ics.uci.edu/Ticket/Display.html?id=73077
2025-11-03 04:50:14,247 - SCRAPER - INFO - low info url: https://helpdesk.ics.uci.edu/Ticket/Display.html?id=98320
2025-11-03 04:50:24,942 - SCRAPER - INFO - low info url: https://gitlab.ics.uci.edu/sgroup/refn
2025-11-03 04:50:32,303 - SCRAPER - INFO - low info url: https://support.ics.uci.edu/auth
2025-11-03 04:50:33,717 - SCRAPER - INFO - low info url: https://onboarding.ics.uci.edu/site/index
2025-11-03 04:50:49,374 - SCRAPER - INFO - low info url: https://netreg.ics.uci.edu
2025-11-03 04:51:19,499 - SCRAPER - INFO - low info url: https://checkin.ics.uci.edu
2025-11-03 04:51:20,950 - SCRAPER - INFO - low info url: https://support.ics.uci.edu/examtrak
2025-11-03 04:51:23,428 - SCRAPER - INFO - low info url: https://observium.ics.uci.edu/device/device=114
2025-11-03 04:51:44,978 - SCRAPER - INFO - low info url: http://www.ics.uci.edu/~kobsa
2025-11-03 04:51:45,490 - SCRAPER - INFO - low info url: http://www.ics.uci.edu/~gmark
2025-11-03 04:52:38,919 - SCRAPER - INFO - low info url: https://jgarcia.ics.uci.edu/?page_id=65
2025-11-03 04:53:26,143 - SCRAPER - INFO - low info url: http://www.ics.uci.edu/~seal/projects/deldroid/ArchManager.apk
2025-11-03 04:53:26,761 - SCRAPER - INFO - low info url: http://www.ics.uci.edu/~seal/projects/deldroid/./IC3_CC_DELDroid_DB_Scheme.sql
2025-11-03 04:53:56,299 - SCRAPER - INFO - low info url: https://hai.ics.uci.edu/contact.html
2025-11-03 04:55:24,920 - SCRAPER - INFO - low info url: https://www.ics.uci.edu/~emilyo/alien-mastermind
2025-11-03 04:55:26,096 - SCRAPER - INFO - low info url: https://ics.uci.edu/~emilyo/SimSE/webgames
2025-11-03 04:55:26,653 - SCRAPER - INFO - low info url: http://www.ics.uci.edu/~emilyo/contact.html
2025-11-03 04:55:29,059 - SCRAPER - INFO - low info url: http://www.ics.uci.edu/~emilyo/research.html
2025-11-03 04:55:32,930 - SCRAPER - INFO - low info url: http://www.ics.uci.edu/~emilyo/teaching/info122w2014/samplecode/lecture9
2025-11-03 04:55:33,448 - SCRAPER - INFO - low info url: http://www.ics.uci.edu/~emilyo/teaching/info122w2014/samplecode/lecture7
2025-11-03 04:55:35,302 - SCRAPER - INFO - low info url: http://www.ics.uci.edu/~emilyo/teaching/info122w2014/samplecode/lecture8
2025-11-03 04:55:36,641 - SCRAPER - INFO - low info url: http://www.ics.uci.edu/~emilyo/teaching/info122w2015/assignments/assignment1-3.html
2025-11-03 04:55:59,312 - SCRAPER - INFO - low info url: http://www.ics.uci.edu/goodrich
2025-11-03 04:56:17,951 - SCRAPER - INFO - low info url: http://www.ics.uci.edu/~feldman/ICS131.htm
2025-11-03 04:56:18,482 - SCRAPER - INFO - low info url: http://www.ics.uci.edu/~feldman/ICS131F00.html
2025-11-03 04:56:22,386 - SCRAPER - INFO - low info url: http://www.ics.uci.edu/~ziv/ooad/intro_to_se/sld021.htm
2025-11-03 04:56:22,924 - SCRAPER - INFO - low info url: http://www.ics.uci.edu/~ziv/ooad/intro_to_se/sld029.htm
2025-11-03 04:56:23,445 - SCRAPER - INFO - low info url: http://www.ics.uci.edu/~ziv/ooad/intro_to_se/sld005.htm
2025-11-03 04:56:23,981 - SCRAPER - INFO - low info url: http://www.ics.uci.edu/~ziv/ooad/intro_to_se/sld030.htm
2025-11-03 04:56:24,502 - SCRAPER - INFO - low info url: http://www.ics.uci.edu/~ziv/ooad/intro_to_se/sld027.htm
2025-11-03 04:56:25,044 - SCRAPER - INFO - low info url: http://www.ics.uci.edu/~ziv/ooad/intro_to_se/sld010.htm
2025-11-03 04:56:25,566 - SCRAPER - INFO - low info url: http://www.ics.uci.edu/~ziv/ooad/intro_to_se/sld022.htm
2025-11-03 04:56:26,105 - SCRAPER - INFO - low info url: http://www.ics.uci.edu/~ziv/ooad/intro_to_se/sld009.htm
2025-11-03 04:56:26,624 - SCRAPER - INFO - low info url: http://www.ics.uci.edu/~ziv/ooad/intro_to_se/sld020.htm
2025-11-03 04:56:27,173 - SCRAPER - INFO - low info url: http://www.ics.uci.edu/~ziv/ooad/intro_to_se/sld006.htm
2025-11-03 04:56:27,691 - SCRAPER - INFO - low info url: http://www.ics.uci.edu/~ziv/ooad/intro_to_se/sld015.htm
2025-11-03 04:56:28,212 - SCRAPER - INFO - low info url: http://www.ics.uci.edu/~ziv/ooad/intro_to_se/sld012.htm
2025-11-03 04:56:28,751 - SCRAPER - INFO - low info url: http://www.ics.uci.edu/~ziv/ooad/intro_to_se/sld002.htm
2025-11-03 04:56:29,286 - SCRAPER - INFO - low info url: http://www.ics.uci.edu/~ziv/ooad/intro_to_se/sld001.htm
2025-11-03 04:56:29,806 - SCRAPER - INFO - low info url: http://www.ics.uci.edu/~ziv/ooad/intro_to_se/sld024.htm
2025-11-03 04:56:30,324 - SCRAPER - INFO - low info url: http://www.ics.uci.edu/~ziv/ooad/intro_to_se/sld023.htm
2025-11-03 04:56:30,869 - SCRAPER - INFO - low info url: http://www.ics.uci.edu/~ziv/ooad/intro_to_se/sld014.htm
2025-11-03 04:56:31,404 - SCRAPER - INFO - low info url: http://www.ics.uci.edu/~ziv/ooad/intro_to_se/sld028.htm
2025-11-03 04:56:31,924 - SCRAPER - INFO - low info url: http://www.ics.uci.edu/~ziv/ooad/intro_to_se/sld019.htm
2025-11-03 04:56:32,442 - SCRAPER - INFO - low info url: http://www.ics.uci.edu/~ziv/ooad/intro_to_se/sld011.htm
2025-11-03 04:56:32,981 - SCRAPER - INFO - low info url: http://www.ics.uci.edu/~ziv/ooad/intro_to_se/sld007.htm
2025-11-03 04:56:33,503 - SCRAPER - INFO - low info url: http://www.ics.uci.edu/~ziv/ooad/intro_to_se/sld008.htm
2025-11-03 04:56:34,041 - SCRAPER - INFO - low info url: http://www.ics.uci.edu/~ziv/ooad/intro_to_se/sld003.htm
2025-11-03 04:56:34,562 - SCRAPER - INFO - low info url: http://www.ics.uci.edu/~ziv/ooad/intro_to_se/sld004.htm
2025-11-03 04:56:35,082 - SCRAPER - INFO - low info url: http://www.ics.uci.edu/~ziv/ooad/intro_to_se/sld025.htm
2025-11-03 04:56:35,602 - SCRAPER - INFO - low info url: http://www.ics.uci.edu/~ziv/ooad/intro_to_se/sld026.htm
2025-11-03 04:56:36,121 - SCRAPER - INFO - low info url: http://www.ics.uci.edu/~ziv/ooad/intro_to_se/sld018.htm
2025-11-03 04:56:36,640 - SCRAPER - INFO - low info url: http://www.ics.uci.edu/~ziv/ooad/intro_to_se/sld017.htm
2025-11-03 04:56:37,162 - SCRAPER - INFO - low info url: http://www.ics.uci.edu/~ziv/ooad/intro_to_se/sld016.htm
2025-11-03 04:56:37,681 - SCRAPER - INFO - low info url: http://www.ics.uci.edu/~ziv/ooad/intro_to_se/sld013.htm
2025-11-03 04:56:38,818 - SCRAPER - INFO - low info url: http://www.ics.uci.edu/~ziv/ooad/classes/sld005.htm
2025-11-03 04:56:39,361 - SCRAPER - INFO - low info url: http://www.ics.uci.edu/~ziv/ooad/classes/sld006.htm
2025-11-03 04:56:39,883 - SCRAPER - INFO - low info url: http://www.ics.uci.edu/~ziv/ooad/classes/sld017.htm
2025-11-03 04:56:40,404 - SCRAPER - INFO - low info url: http://www.ics.uci.edu/~ziv/ooad/classes/sld011.htm
2025-11-03 04:56:40,925 - SCRAPER - INFO - low info url: http://www.ics.uci.edu/~ziv/ooad/classes/sld009.htm
2025-11-03 04:56:41,447 - SCRAPER - INFO - low info url: http://www.ics.uci.edu/~ziv/ooad/classes/sld012.htm
2025-11-03 04:56:41,969 - SCRAPER - INFO - low info url: http://www.ics.uci.edu/~ziv/ooad/classes/sld013.htm
2025-11-03 04:56:42,490 - SCRAPER - INFO - low info url: http://www.ics.uci.edu/~ziv/ooad/classes/sld018.htm
2025-11-03 04:56:43,012 - SCRAPER - INFO - low info url: http://www.ics.uci.edu/~ziv/ooad/classes/sld010.htm
2025-11-03 04:56:43,533 - SCRAPER - INFO - low info url: http://www.ics.uci.edu/~ziv/ooad/classes/sld014.htm
2025-11-03 04:56:44,076 - SCRAPER - INFO - low info url: http://www.ics.uci.edu/~ziv/ooad/classes/sld016.htm
2025-11-03 04:56:44,598 - SCRAPER - INFO - low info url: http://www.ics.uci.edu/~ziv/ooad/classes/sld004.htm
2025-11-03 04:56:45,117 - SCRAPER - INFO - low info url: http://www.ics.uci.edu/~ziv/ooad/classes/sld008.htm
2025-11-03 04:56:45,661 - SCRAPER - INFO - low info url: http://www.ics.uci.edu/~ziv/ooad/classes/sld002.htm
2025-11-03 04:56:46,200 - SCRAPER - INFO - low info url: http://www.ics.uci.edu/~ziv/ooad/classes/sld007.htm
2025-11-03 04:56:46,721 - SCRAPER - INFO - low info url: http://www.ics.uci.edu/~ziv/ooad/classes/sld003.htm
2025-11-03 04:56:47,269 - SCRAPER - INFO - low info url: http://www.ics.uci.edu/~ziv/ooad/classes/sld015.htm
2025-11-03 04:56:47,808 - SCRAPER - INFO - low info url: http://www.ics.uci.edu/~ziv/ooad/classes/sld001.htm
2025-11-03 04:56:48,346 - SCRAPER - INFO - low info url: http://www.ics.uci.edu/~ziv/ooad/classes/sld019.htm
2025-11-03 04:56:48,871 - SCRAPER - INFO - low info url: http://www.ics.uci.edu/~ziv/diss/conclusionpaper/conclusionpaper.html
2025-11-03 04:56:50,739 - SCRAPER - INFO - low info url: http://www.ics.uci.edu/~ziv/diss/abstractpaper/node1.html
2025-11-03 04:56:51,260 - SCRAPER - INFO - low info url: http://www.ics.uci.edu/~ziv/diss/intropaper/intropaper.html
2025-11-03 04:57:14,440 - SCRAPER - INFO - low info url: http://www.ics.uci.edu/~jajones
2025-11-03 04:57:58,020 - SCRAPER - INFO - low info url: https://aiclub.ics.uci.edu
2025-11-03 04:57:59,348 - SCRAPER - INFO - low info url: https://www.ics.uci.edu/~aburtsev
2025-11-03 04:58:46,254 - SCRAPER - INFO - low info url: http://www.ics.uci.edu/~zhengkai
2025-11-03 05:00:39,680 - SCRAPER - INFO - low info url: https://ics.uci.edu/tag/veronica-berrocal
2025-11-03 05:00:41,308 - SCRAPER - INFO - low info url: https://hack.ics.uci.edu/about
2025-11-03 05:00:48,108 - SCRAPER - INFO - low info url: https://www.ics.uci.edu/~givargis
2025-11-03 05:01:29,649 - SCRAPER - INFO - low info url: https://grape.ics.uci.edu/wiki/asterix/register
2025-11-03 05:01:47,234 - SCRAPER - INFO - low info url: https://grape.ics.uci.edu/wiki/asterix/login
2025-11-03 05:03:45,620 - SCRAPER - INFO - low info url: https://ics.uci.edu/event/master-of-computer-science-information-session-10-21
2025-11-03 05:03:58,669 - SCRAPER - INFO - low info url: http://www.ics.uci.edu/~chenli
2025-11-03 05:03:59,181 - SCRAPER - INFO - low info url: http://www.ics.uci.edu/~chenli/pdf-font-types/solid.fig
2025-11-03 05:03:59,693 - SCRAPER - INFO - low info url: http://www.ics.uci.edu/~chenli/pdf-font-types/pattern.fig
2025-11-03 05:04:07,522 - SCRAPER - INFO - low info url: http://hobbes.ics.uci.edu/examples.shtml
2025-11-03 05:04:20,223 - SCRAPER - INFO - low info url: http://flamingo.ics.uci.edu/src
2025-11-03 05:04:29,220 - SCRAPER - INFO - low info url: https://asterix.ics.uci.edu/supporters.html
2025-11-03 05:04:42,377 - SCRAPER - INFO - low info url: https://grape.ics.uci.edu/wiki/public/raw-attachment/wiki/cs122b-2017-winter-project2/TomcatForm.war
2025-11-03 05:04:47,125 - SCRAPER - INFO - low info url: https://grape.ics.uci.edu/wiki/public/raw-attachment/wiki/cs122b-2017-winter-project2/jspTest.war
2025-11-03 05:05:08,983 - SCRAPER - INFO - low info url: https://grape.ics.uci.edu/wiki/public/zip-attachment/wiki/cs122b-2017-winter-project2
2025-11-03 05:05:10,891 - SCRAPER - INFO - low info url: https://grape.ics.uci.edu/wiki/public/raw-attachment/wiki/cs122b-2017-winter-project2/Session.war
2025-11-03 05:05:14,360 - SCRAPER - INFO - low info url: https://grape.ics.uci.edu/wiki/public/login
2025-11-03 05:05:18,191 - SCRAPER - INFO - low info url: https://grape.ics.uci.edu/wiki/public/raw-attachment/wiki/cs122b-2017-winter-project5/query_load.txt
2025-11-03 05:05:21,611 - SCRAPER - INFO - low info url: https://grape.ics.uci.edu/wiki/public/raw-attachment/wiki/cs122b-2017-winter-project5/Session.war
2025-11-03 05:05:36,768 - SCRAPER - INFO - low info url: https://grape.ics.uci.edu/wiki/public/zip-attachment/wiki/cs122b-2017-winter-project5
2025-11-03 05:05:50,808 - SCRAPER - INFO - low info url: https://grape.ics.uci.edu/wiki/public/register
2025-11-03 05:06:05,164 - SCRAPER - INFO - low info url: https://grape.ics.uci.edu/wiki/public/raw-attachment/wiki/cs122b-2017-winter-project3/TomcatFormReCaptcha.war
2025-11-03 05:06:10,358 - SCRAPER - INFO - low info url: http://www.ics.uci.edu/~cs122a
2025-11-03 05:06:12,553 - SCRAPER - INFO - low info url: https://grape.ics.uci.edu/wiki/public/raw-attachment/wiki/cs122b-2017-winter-project1/data.sql
2025-11-03 05:06:16,943 - SCRAPER - INFO - low info url: https://grape.ics.uci.edu/wiki/public/zip-attachment/wiki/cs122b-2017-winter-project1
2025-11-03 05:06:22,230 - SCRAPER - INFO - low info url: https://grape.ics.uci.edu/wiki/public/zip-attachment/wiki/cs122b-2017-winter-project1-install-tomcat-on-aws
2025-11-03 05:06:45,041 - SCRAPER - INFO - low info url: https://grape.ics.uci.edu/wiki/public/zip-attachment/wiki/cs222-2016-fall-project4
2025-11-03 05:06:52,106 - SCRAPER - INFO - low info url: https://grape.ics.uci.edu/wiki/public/attachment/wiki/cs222-2016-fall-project3/tree3.svg
2025-11-03 05:06:53,790 - SCRAPER - INFO - low info url: https://grape.ics.uci.edu/wiki/public/zip-attachment/wiki/cs222-2016-fall-project3
2025-11-03 05:07:03,316 - SCRAPER - INFO - low info url: https://grape.ics.uci.edu/wiki/public/zip-attachment/wiki/cs222-2016-fall-project2
2025-11-03 05:07:17,478 - SCRAPER - INFO - low info url: https://grape.ics.uci.edu/wiki/public/zip-attachment/wiki/cs122b-2018-spring-project1-import-project
2025-11-03 05:07:33,120 - SCRAPER - INFO - low info url: https://grape.ics.uci.edu/wiki/public/zip-attachment/wiki/cs122b-2018-spring-project1-eclipse-project
2025-11-03 05:07:45,703 - SCRAPER - INFO - low info url: https://grape.ics.uci.edu/wiki/public/zip-attachment/wiki/cs122b-2018-spring-project4
2025-11-03 05:08:14,720 - SCRAPER - INFO - low info url: https://grape.ics.uci.edu/wiki/public/zip-attachment/wiki/cs122b-2018-spring-project5
2025-11-03 05:08:29,672 - SCRAPER - INFO - low info url: https://grape.ics.uci.edu/wiki/public/zip-attachment/wiki/cs122b-2018-winter-project1-eclipse-project
2025-11-03 05:08:38,753 - SCRAPER - INFO - low info url: https://grape.ics.uci.edu/wiki/public/zip-attachment/wiki/cs122b-2018-spring-project3
2025-11-03 05:08:39,329 - SCRAPER - INFO - low info url: https://grape.ics.uci.edu/wiki/public/raw-attachment/wiki/cs122b-2018-spring-project3/employees.xml
2025-11-03 05:08:47,526 - SCRAPER - INFO - low info url: https://grape.ics.uci.edu/wiki/public/zip-attachment/wiki/cs122b-2018-spring-project2
2025-11-03 05:09:08,339 - SCRAPER - INFO - low info url: https://grape.ics.uci.edu/wiki/public/zip-attachment/wiki/cs122b-2018-winter-project2
2025-11-03 05:09:34,050 - SCRAPER - INFO - low info url: https://grape.ics.uci.edu/wiki/public/zip-attachment/wiki/cs222-2018-fall-git
2025-11-03 05:09:40,132 - SCRAPER - INFO - low info url: https://grape.ics.uci.edu/wiki/public/attachment/wiki/cs222-2018-fall-project3/tree3.svg
2025-11-03 05:09:40,672 - SCRAPER - INFO - low info url: https://grape.ics.uci.edu/wiki/public/zip-attachment/wiki/cs222-2018-fall-project3
2025-11-03 05:09:48,740 - SCRAPER - INFO - low info url: https://grape.ics.uci.edu/wiki/public/zip-attachment/wiki/cs222-2018-fall-setup-gdb-on-macos
2025-11-03 05:09:55,248 - SCRAPER - INFO - low info url: https://grape.ics.uci.edu/wiki/public/zip-attachment/wiki/cs222-2018-fall-project1
2025-11-03 05:10:03,021 - SCRAPER - INFO - low info url: https://grape.ics.uci.edu/wiki/public/zip-attachment/wiki/cs222-2018-fall-project1-create-project
2025-11-03 05:10:11,588 - SCRAPER - INFO - low info url: https://grape.ics.uci.edu/wiki/public/zip-attachment/wiki/cs222-2018-fall-project4
2025-11-03 05:10:16,925 - SCRAPER - INFO - low info url: https://grape.ics.uci.edu/wiki/public/zip-attachment/wiki/cs222-2018-fall-project2
2025-11-03 05:10:27,932 - SCRAPER - INFO - low info url: http://www.ics.uci.edu/~cs122b
2025-11-03 05:10:33,251 - SCRAPER - INFO - low info url: https://grape.ics.uci.edu/wiki/public/raw-attachment/wiki/cs122a-2016-spring/2016s-cs122a-hw5-script.sql
2025-11-03 05:10:33,941 - SCRAPER - INFO - low info url: https://grape.ics.uci.edu/wiki/public/raw-attachment/wiki/cs122a-2016-spring/2016s-cs122a-hw4-script.sql
2025-11-03 05:10:38,851 - SCRAPER - INFO - low info url: http://www.ics.uci.edu/~cs122c
2025-11-03 05:10:39,386 - SCRAPER - INFO - low info url: https://grape.ics.uci.edu/wiki/public/raw-attachment/wiki/cs122a-2016-spring/createscript.sql
2025-11-03 05:10:39,912 - SCRAPER - INFO - low info url: http://www.ics.uci.edu/~cs222
2025-11-03 05:10:53,581 - SCRAPER - INFO - low info url: https://grape.ics.uci.edu/wiki/public/zip-attachment/wiki/cs222p-2017-fall-project1
2025-11-03 05:10:57,567 - SCRAPER - INFO - low info url: https://grape.ics.uci.edu/wiki/public/zip-attachment/wiki/cs222p-2017-fall-project1-create-project
2025-11-03 05:11:04,473 - SCRAPER - INFO - low info url: https://grape.ics.uci.edu/wiki/public/zip-attachment/wiki/cs222p-2017-fall-project3
2025-11-03 05:11:05,803 - SCRAPER - INFO - low info url: https://grape.ics.uci.edu/wiki/public/attachment/wiki/cs222p-2017-fall-project3/tree3.svg
2025-11-03 05:11:11,934 - SCRAPER - INFO - low info url: https://grape.ics.uci.edu/wiki/public/zip-attachment/wiki/cs222p-2017-fall-project2
2025-11-03 05:11:22,734 - SCRAPER - INFO - low info url: https://grape.ics.uci.edu/wiki/public/zip-attachment/wiki/cs122b-2017-spring-project5
2025-11-03 05:11:26,996 - SCRAPER - INFO - low info url: https://grape.ics.uci.edu/wiki/public/zip-attachment/wiki/cs122b-2017-spring-project2
2025-11-03 05:11:29,870 - SCRAPER - INFO - low info url: https://grape.ics.uci.edu/wiki/public/zip-attachment/wiki/cs122b-2017-spring-project4
2025-11-03 05:11:34,251 - SCRAPER - INFO - low info url: https://grape.ics.uci.edu/wiki/public/raw-attachment/wiki/cs122b-2017-spring-project1/data.sql
2025-11-03 05:11:37,300 - SCRAPER - INFO - low info url: https://grape.ics.uci.edu/wiki/public/zip-attachment/wiki/cs122b-2017-spring-project1
2025-11-03 05:12:01,735 - SCRAPER - INFO - low info url: https://grape.ics.uci.edu/wiki/public/raw-attachment/wiki/cs221-2019-spring-project2/Team2StressTest.txt
2025-11-03 05:12:04,631 - SCRAPER - INFO - low info url: https://grape.ics.uci.edu/wiki/public/zip-attachment/wiki/cs221-2019-spring-project2
2025-11-03 05:12:06,474 - SCRAPER - INFO - low info url: https://grape.ics.uci.edu/wiki/public/attachment/wiki/cs221-2019-spring-project3/Team9PositionalStressTest.txt
2025-11-03 05:12:07,988 - SCRAPER - INFO - low info url: https://grape.ics.uci.edu/wiki/public/raw-attachment/wiki/cs221-2019-spring-project3/Team8StressTest.txt
2025-11-03 05:12:11,999 - SCRAPER - INFO - low info url: https://grape.ics.uci.edu/wiki/public/zip-attachment/wiki/cs221-2019-spring-project3
2025-11-03 05:12:13,154 - SCRAPER - INFO - low info url: https://grape.ics.uci.edu/wiki/public/raw-attachment/wiki/cs221-2019-spring-project3/Team9PositionalStressTest.txt
2025-11-03 05:12:33,555 - SCRAPER - INFO - low info url: https://grape.ics.uci.edu/wiki/public/zip-attachment/wiki/cs222p-2018-fall-project1-create-project
2025-11-03 05:12:38,601 - SCRAPER - INFO - low info url: https://grape.ics.uci.edu/wiki/public/zip-attachment/wiki/cs222p-2018-fall-project2
2025-11-03 05:12:44,473 - SCRAPER - INFO - low info url: https://grape.ics.uci.edu/wiki/public/zip-attachment/wiki/cs222p-2018-fall-git
2025-11-03 05:12:46,389 - SCRAPER - INFO - low info url: https://chenli.ics.uci.edu/past-news
2025-11-03 05:13:08,653 - SCRAPER - INFO - low info url: https://grape.ics.uci.edu/wiki/public/zip-attachment/wiki/cs122b-2019-winter-project4
2025-11-03 05:13:21,055 - SCRAPER - INFO - low info url: https://grape.ics.uci.edu/wiki/public/zip-attachment/wiki/cs122b-2019-winter-project5
2025-11-03 05:13:22,029 - SCRAPER - INFO - malformed url: https://grape.ics.uci.edu/wiki/public/wiki/cs122b-2019-winter-project1-install-tomcat-on-aws , http://[YOUR-AWS-PUBLIC-IP]:8080 , 'YOUR-AWS-PUBLIC-IP' does not appear to be an IPv4 or IPv6 address
2025-11-03 05:13:31,556 - SCRAPER - INFO - low info url: https://grape.ics.uci.edu/wiki/public/zip-attachment/wiki/cs122b-2019-winter-project1-install-tomcat-on-aws
2025-11-03 05:13:36,665 - SCRAPER - INFO - low info url: https://grape.ics.uci.edu/wiki/public/zip-attachment/wiki/cs122b-2019-winter-project1-logging
2025-11-03 05:13:39,599 - SCRAPER - INFO - low info url: https://grape.ics.uci.edu/wiki/public/zip-attachment/wiki/cs122b-2019-winter-project2
2025-11-03 05:14:02,492 - SCRAPER - INFO - low info url: https://grape.ics.uci.edu/wiki/public/zip-attachment/wiki/cs122b-2019-winter-project3
2025-11-03 05:14:10,759 - SCRAPER - INFO - low info url: http://www.ics.uci.edu/~cs224
2025-11-03 05:14:21,269 - SCRAPER - INFO - low info url: http://www.ics.uci.edu/~kyungbak
2025-11-03 05:14:30,659 - SCRAPER - INFO - low info url: https://ics.uci.edu/~pattis/ICS-33
2025-11-03 05:16:44,977 - SCRAPER - INFO - low info url: https://www.physics.uci.edu/~bullock
2025-11-03 05:16:50,161 - SCRAPER - INFO - low info url: http://www.physics.uci.edu/~zsiwy/research.html
2025-11-03 05:16:54,325 - SCRAPER - INFO - low info url: http://www.physics.uci.edu/~zsiwy/activities.html
2025-11-03 05:16:58,520 - SCRAPER - INFO - low info url: http://www.physics.uci.edu/~zsiwy/Outreach.html
2025-11-03 05:16:59,056 - SCRAPER - INFO - low info url: http://www.physics.uci.edu/~zsiwy/people.html
2025-11-03 05:17:01,603 - SCRAPER - INFO - low info url: http://www.physics.uci.edu/~zsiwy/pore.html
2025-11-03 05:17:09,636 - SCRAPER - INFO - low info url: http://physics.uci.edu/~xia/X-lab/Home/Archive.html
2025-11-03 05:17:27,701 - SCRAPER - INFO - low info url: https://www.physics.uci.edu/~sasha
2025-11-03 05:17:52,161 - SCRAPER - INFO - low info url: https://www.physics.uci.edu/~wilsonho/members.html
2025-11-03 05:17:54,584 - SCRAPER - INFO - low info url: http://www.physics.uci.edu/wugroup
2025-11-03 05:18:49,591 - SCRAPER - INFO - low info url: http://www.physics.uci.edu/%7Edemos
2025-11-03 05:20:59,597 - SCRAPER - INFO - low info url: http://physics.uci.edu/taxonomy/term/127/feed
2025-11-03 05:22:25,519 - SCRAPER - INFO - low info url: https://www.physics.uci.edu/~collinsp
2025-11-03 05:22:44,063 - SCRAPER - INFO - low info url: https://jdsylab.physics.uci.edu/links
2025-11-03 05:22:46,559 - SCRAPER - INFO - low info url: https://jdsylab.physics.uci.edu/the-lab/20210518_092322
2025-11-03 05:22:47,193 - SCRAPER - INFO - low info url: https://jdsylab.physics.uci.edu/the-lab/20210223_154515
2025-11-03 05:22:47,828 - SCRAPER - INFO - low info url: https://jdsylab.physics.uci.edu/the-lab/20210722_113117
2025-11-03 05:22:48,462 - SCRAPER - INFO - low info url: https://jdsylab.physics.uci.edu/the-lab/20210831_093658
2025-11-03 05:22:49,098 - SCRAPER - INFO - low info url: https://jdsylab.physics.uci.edu/the-lab/20210812_115107
2025-11-03 05:22:49,734 - SCRAPER - INFO - low info url: https://jdsylab.physics.uci.edu/the-lab/20210223_154448
2025-11-03 05:22:50,580 - SCRAPER - INFO - low info url: https://jdsylab.physics.uci.edu/the-lab/20210722_113136
2025-11-03 05:22:51,218 - SCRAPER - INFO - low info url: https://jdsylab.physics.uci.edu/the-lab/20210722_113105
2025-11-03 05:22:57,815 - SCRAPER - INFO - low info url: https://www.physics.uci.edu/?q=samllogin
2025-11-03 05:26:08,304 - SCRAPER - INFO - low info url: https://www.physics.uci.edu/taxonomy/term/133/feed
2025-11-03 05:31:00,844 - SCRAPER - INFO - low info url: http://www.physics.uci.edu/%7Ewwheidbr/teaching.html
2025-11-03 05:34:33,407 - SCRAPER - INFO - Skipping large file: http://www.physics.uci.edu/Tajima-Symposium-Presentations/Binderbauer (10001084 bytes)
2025-11-03 05:34:39,026 - SCRAPER - INFO - low info url: http://www.physics.uci.edu/~dbuote
2025-11-03 05:37:29,103 - SCRAPER - INFO - low info url: https://www.ics.uci.edu/~achio/docs
2025-11-03 05:37:39,103 - SCRAPER - INFO - low info url: https://ics.uci.edu/~sharad
2025-11-03 05:37:46,045 - SCRAPER - INFO - low info url: https://ics.uci.edu/~pattis/ICS-46
2025-11-03 05:37:52,902 - SCRAPER - INFO - low info url: https://edgelab.ics.uci.edu/talk
2025-11-03 05:38:06,334 - SCRAPER - INFO - low info url: https://ics.uci.edu/~givargis
2025-11-03 05:38:08,857 - SCRAPER - INFO - low info url: https://www.ics.uci.edu/~fukuzaws
2025-11-03 05:38:25,270 - SCRAPER - INFO - low info url: https://ics.uci.edu/~shahkarp
2025-11-03 05:38:49,404 - SCRAPER - INFO - low info url: https://www.ics.uci.edu/~ipanagea
2025-11-03 05:39:38,701 - SCRAPER - INFO - low info url: https://www.ics.uci.edu/~dechter/publications/r207.html
2025-11-03 05:39:59,605 - SCRAPER - INFO - low info url: https://www.ics.uci.edu/~dechter/publications/r219.html
2025-11-03 05:40:45,847 - SCRAPER - INFO - low info url: https://www.ics.uci.edu/~dechter/publications/otherPubs.html
2025-11-03 05:42:47,792 - SCRAPER - INFO - low info url: https://www.ics.uci.edu/~dechter/courses/ics-275a/fall-99
2025-11-03 05:42:59,314 - SCRAPER - INFO - low info url: https://www.ics.uci.edu/~dechter/courses/ics-171/fall-04
2025-11-03 05:43:00,955 - SCRAPER - INFO - low info url: https://www.ics.uci.edu/~dechter/courses/ics-171/spring-99
2025-11-03 05:43:10,962 - SCRAPER - INFO - low info url: https://www.ics.uci.edu/~dechter/courses/ics-6a/grades.html
2025-11-03 05:43:32,289 - SCRAPER - INFO - low info url: https://ics.uci.edu/~dechter/talks/radcliffe-pub.pps
2025-11-03 05:43:34,196 - SCRAPER - INFO - low info url: https://ics.uci.edu/~dechter/talks/DeepLearn17-Outline
2025-11-03 05:43:36,746 - SCRAPER - INFO - low info url: http://www.ics.uci.edu/~kkask
2025-11-03 05:44:27,815 - SCRAPER - INFO - low info url: https://www.ics.uci.edu/~dechter/courses/ics-6a/fall-00
2025-11-03 05:44:33,441 - SCRAPER - INFO - low info url: https://www.ics.uci.edu/~dechter/courses/ics-171/fall-06
2025-11-03 05:46:03,441 - SCRAPER - INFO - low info url: https://www.ics.uci.edu/~eppstein/163/20130107
2025-11-03 05:46:04,045 - SCRAPER - INFO - low info url: https://www.ics.uci.edu/~eppstein/163/20130109
2025-11-03 05:46:28,777 - SCRAPER - INFO - low info url: http://www.ics.uci.edu/~eppstein/gina/DeyEdelsbrunnerGuha.ps.Z
2025-11-03 05:46:33,788 - SCRAPER - INFO - low info url: http://www.ics.uci.edu/~eppstein/vorpic.html
2025-11-03 05:46:36,160 - SCRAPER - INFO - low info url: http://www.ics.uci.edu/~eppstein/gina/timber.html
2025-11-03 05:47:10,378 - SCRAPER - INFO - low info url: http://www.ics.uci.edu/~eppstein/junkyard/box-in-box.nb
2025-11-03 05:47:26,606 - SCRAPER - INFO - low info url: http://www.ics.uci.edu/~eppstein/junkyard/robertd/index.html
2025-11-03 05:47:27,800 - SCRAPER - INFO - low info url: http://www.ics.uci.edu/~eppstein/pix/bar/parg/Geometry.html
2025-11-03 05:48:07,694 - SCRAPER - INFO - low info url: https://www.ics.uci.edu/~eppstein/junkyard/ukraine/ukraine.ma
2025-11-03 05:48:14,329 - SCRAPER - INFO - low info url: http://www.ics.uci.edu/~eppstein/pubs/p-ttree.tex.Z
2025-11-03 05:48:18,816 - SCRAPER - INFO - low info url: http://www.ics.uci.edu/~eppstein/pubs/p-ttree.bib.Z
2025-11-03 05:48:36,541 - SCRAPER - INFO - low info url: http://www.ics.uci.edu/%7Emajumder/project.html
2025-11-03 06:24:12,513 - SCRAPER - INFO - Skipping large file: http://www.ics.uci.edu/%7Emajumder/docs/egrw01.mpg (144515076 bytes)
2025-11-03 06:24:24,801 - SCRAPER - INFO - low info url: https://www.ics.uci.edu/~guptasid
2025-11-03 06:24:36,875 - SCRAPER - INFO - low info url: http://www.ics.uci.edu/~eppstein/pubs/tr.html
2025-11-03 06:25:06,880 - SCRAPER - INFO - low info url: http://www.ics.uci.edu/~eppstein/pubs/Epp-GD-23-slides
2025-11-03 06:25:12,192 - SCRAPER - INFO - low info url: https://www.ics.uci.edu/~dfrishbe
2025-11-03 06:26:40,482 - SCRAPER - INFO - low info url: http://www.ics.uci.edu/~eppstein/pubs/a-baldi.html
2025-11-03 06:28:12,911 - SCRAPER - INFO - low info url: http://www.ics.uci.edu/~eppstein/pubs/Epp-IJCAI-85.lsp
2025-11-03 06:28:55,565 - SCRAPER - INFO - low info url: http://www.ics.uci.edu/~eppstein/pubs/a-micek.html
2025-11-03 06:29:48,013 - SCRAPER - INFO - low info url: https://www.ics.uci.edu/~eppstein/bibs/kpath.bib
2025-11-03 06:29:54,991 - SCRAPER - INFO - low info url: http://www.ics.uci.edu/~eppstein/bibs/eppstein.html
2025-11-03 06:30:42,384 - SCRAPER - INFO - low info url: http://www.ics.uci.edu/~eppstein/junkyard/cube-dissection.html
2025-11-03 06:31:27,928 - SCRAPER - INFO - low info url: http://www.ics.uci.edu/~eppstein/gina/control.html
2025-11-03 06:31:50,523 - SCRAPER - INFO - low info url: http://www.ics.uci.edu/~eppstein/gina/compiler.html
2025-11-03 06:31:58,081 - SCRAPER - INFO - low info url: http://www.ics.uci.edu/~eppstein/266
2025-11-03 06:32:08,904 - SCRAPER - INFO - low info url: http://www.ics.uci.edu/~eppstein/pubs/pubs.ff
2025-11-03 06:32:16,630 - SCRAPER - INFO - low info url: http://www.ics.uci.edu/~eppstein/261/s13-hw1-answers.txt
2025-11-03 06:32:23,138 - SCRAPER - INFO - low info url: http://www.ics.uci.edu/~eppstein/261/s13-hw1.txt
2025-11-03 06:32:44,469 - SCRAPER - INFO - low info url: http://www.ics.uci.edu/~eppstein/261/w11-hw5-key.txt
2025-11-03 06:32:52,214 - SCRAPER - INFO - low info url: http://www.ics.uci.edu/~eppstein/261/w09-hw6.txt
2025-11-03 06:32:57,745 - SCRAPER - INFO - low info url: http://www.ics.uci.edu/~eppstein/261/w06-hw2.txt
2025-11-03 06:33:38,396 - SCRAPER - INFO - low info url: http://www.ics.uci.edu/~eppstein/ca/replicators/b36s23-puf.lif
2025-11-03 06:33:38,915 - SCRAPER - INFO - low info url: http://www.ics.uci.edu/~eppstein/ca/replicators/b36s23-breeder.lif
2025-11-03 06:33:39,981 - SCRAPER - INFO - low info url: http://www.ics.uci.edu/~eppstein/ca/replicators/b36s23-gun.lif
2025-11-03 06:33:40,506 - SCRAPER - INFO - low info url: http://www.ics.uci.edu/~eppstein/ca/replicators/b36s23-back-rake.lif
2025-11-03 06:33:41,023 - SCRAPER - INFO - low info url: http://www.ics.uci.edu/~eppstein/ca/replicators/b36s23-bombgun.lif
2025-11-03 06:33:41,542 - SCRAPER - INFO - low info url: http://www.ics.uci.edu/~eppstein/ca/replicators/b36s23.lif
2025-11-03 06:33:42,062 - SCRAPER - INFO - low info url: http://www.ics.uci.edu/~eppstein/ca/replicators/b36s23-bomber.lif
2025-11-03 06:33:42,593 - SCRAPER - INFO - low info url: http://www.ics.uci.edu/~eppstein/ca/replicators/b36s23-p96.lif
2025-11-03 06:33:43,111 - SCRAPER - INFO - low info url: http://www.ics.uci.edu/~eppstein/ca/replicators/b36s23-side-rake.lif
2025-11-03 06:33:44,272 - SCRAPER - INFO - low info url: http://www.ics.uci.edu/~eppstein/ca/replicators/b36s23-p48.lif
2025-11-03 06:34:25,059 - SCRAPER - INFO - low info url: http://www.ics.uci.edu/~eppstein/pix
2025-11-03 06:34:30,587 - SCRAPER - INFO - low info url: http://www.ics.uci.edu/~eppstein/projects/pairs/Source
2025-11-03 06:34:35,111 - SCRAPER - INFO - low info url: https://www.ics.uci.edu/~dstrash
2025-11-03 06:35:10,281 - SCRAPER - INFO - low info url: http://www.ics.uci.edu/~goodrich/gd
2025-11-03 06:35:58,007 - SCRAPER - INFO - low info url: http://www.ics.uci.edu/~goodrich/teach/cs299
2025-11-03 06:36:00,270 - SCRAPER - INFO - low info url: http://www.ics.uci.edu/~goodrich/teach/cs161
2025-11-03 06:36:05,219 - SCRAPER - INFO - low info url: http://www.ics.uci.edu/~goodrich/teach/cs201P
2025-11-03 06:37:05,395 - SCRAPER - INFO - low info url: https://ngs.ics.uci.edu/wp-login.php?redirect_to=https%3A%2F%2Fngs.ics.uci.edu%2Fextreme-stories-9%2F
2025-11-03 06:43:04,705 - SCRAPER - INFO - low info url: http://vision.ics.uci.edu/events.html
2025-11-03 06:43:17,696 - SCRAPER - INFO - low info url: http://www.ics.uci.edu/~fowlkes/publications2.html
2025-11-03 06:45:51,850 - SCRAPER - INFO - low info url: http://vision.ics.uci.edu/people/21.html
2025-11-03 06:45:52,409 - SCRAPER - INFO - low info url: http://vision.ics.uci.edu/people/17.html
2025-11-03 06:45:52,968 - SCRAPER - INFO - low info url: http://vision.ics.uci.edu/people/14.html
2025-11-03 06:45:53,526 - SCRAPER - INFO - low info url: http://vision.ics.uci.edu/people/39.html
2025-11-03 06:45:54,086 - SCRAPER - INFO - low info url: http://vision.ics.uci.edu/people/36.html
2025-11-03 06:45:54,646 - SCRAPER - INFO - low info url: http://vision.ics.uci.edu/people/2.html
2025-11-03 06:45:55,260 - SCRAPER - INFO - low info url: http://vision.ics.uci.edu/people/38.html
2025-11-03 06:45:55,820 - SCRAPER - INFO - low info url: http://vision.ics.uci.edu/people/22.html
2025-11-03 06:45:56,380 - SCRAPER - INFO - low info url: http://vision.ics.uci.edu/people/40.html
2025-11-03 06:45:56,940 - SCRAPER - INFO - low info url: http://vision.ics.uci.edu/people/37.html
2025-11-03 07:18:06,436 - SCRAPER - INFO - low info url: https://www.ics.uci.edu/~dsm/publications.html
2025-11-03 07:18:53,730 - SCRAPER - INFO - low info url: https://duttgroup.ics.uci.edu/publications
2025-11-03 07:19:03,972 - SCRAPER - INFO - low info url: https://iasl.ics.uci.edu/people/levorato
2025-11-03 07:20:13,774 - SCRAPER - INFO - low info url: https://duttgroup.ics.uci.edu/wp-login.php?redirect_to=https%3A%2F%2Fduttgroup.ics.uci.edu%2F2017%2F11%2F07%2Fmajids-defense%2F
2025-11-03 07:20:53,100 - SCRAPER - INFO - low info url: http://www.ics.uci.edu/~maheshmn
2025-11-03 07:20:54,325 - SCRAPER - INFO - low info url: https://www.ics.uci.edu/~bdonyana
2025-11-03 07:21:12,868 - SCRAPER - INFO - low info url: http://www.ics.uci.edu/~copper
2025-11-03 07:21:20,525 - SCRAPER - INFO - low info url: http://www.ics.uci.edu/%7Eminyounk
2025-11-03 07:21:21,601 - SCRAPER - INFO - low info url: http://xtune.ics.uci.edu/link.htm
2025-11-03 07:21:22,622 - SCRAPER - INFO - low info url: http://xtune.ics.uci.edu/sponsor.htm
2025-11-03 07:21:25,033 - SCRAPER - INFO - low info url: http://xtune.ics.uci.edu/news.htm
2025-11-03 07:21:29,015 - SCRAPER - INFO - low info url: https://duttgroup.ics.uci.edu/projects/self-aware-adaptive-computing/mars
2025-11-03 07:21:33,231 - SCRAPER - INFO - low info url: http://www.ics.uci.edu/~dsm/dyn/release/faq.html
2025-11-03 07:21:48,187 - SCRAPER - INFO - low info url: http://www.ics.uci.edu/~dsm/dyn/release/api/lib_dynamo_middleware_a_r_m_8h.html
2025-11-03 07:21:49,858 - SCRAPER - INFO - low info url: http://www.ics.uci.edu/~dsm/dyn/release/api/index.html
2025-11-03 07:22:06,686 - SCRAPER - INFO - low info url: http://www.ics.uci.edu/~dsm/dyn/release/files/zImage_paapi
2025-11-03 07:22:40,706 - SCRAPER - INFO - low info url: http://www.ics.uci.edu/~aces/sponsors.htm
2025-11-03 07:22:47,111 - SCRAPER - INFO - low info url: http://www.ics.uci.edu/~express/news.htm
2025-11-03 07:22:47,779 - SCRAPER - INFO - low info url: http://www.ics.uci.edu/~express/contact.htm
2025-11-03 07:22:50,697 - SCRAPER - INFO - low info url: http://www.ics.uci.edu/~aviral/photographs.html
2025-11-03 07:23:04,784 - SCRAPER - INFO - low info url: http://www.ics.uci.edu/~aces/aboutus.htm
2025-11-03 07:23:05,432 - SCRAPER - INFO - low info url: http://www.ics.uci.edu/~aces/publications.htm
2025-11-03 07:23:06,059 - SCRAPER - INFO - low info url: http://www.ics.uci.edu/~aces/joinaces.htm
2025-11-03 07:23:15,557 - SCRAPER - INFO - low info url: http://www.ics.uci.edu/~aces/mahesh_farewell.htm
2025-11-03 07:23:16,220 - SCRAPER - INFO - low info url: http://www.ics.uci.edu/~aces/akira_farewell_04.htm
2025-11-03 07:23:16,906 - SCRAPER - INFO - low info url: http://www.ics.uci.edu/~aces/winter_quarter_05.htm
2025-11-03 07:23:17,637 - SCRAPER - INFO - low info url: http://www.ics.uci.edu/~aces/aspdac_05.htm
2025-11-03 07:23:18,270 - SCRAPER - INFO - low info url: http://www.ics.uci.edu/~aces/fall_quarter_04.htm
2025-11-03 07:23:19,776 - SCRAPER - INFO - low info url: http://www.ics.uci.edu/~aces/isss_99.htm
2025-11-03 07:23:20,406 - SCRAPER - INFO - low info url: http://www.ics.uci.edu/~aces/dec05lunch.htm
2025-11-03 07:23:21,081 - SCRAPER - INFO - low info url: http://www.ics.uci.edu/~aces/masonparkparty.htm
2025-11-03 07:23:21,755 - SCRAPER - INFO - low info url: http://www.ics.uci.edu/~aces/jaewonfarewell05.htm
2025-11-03 07:23:22,426 - SCRAPER - INFO - low info url: http://www.ics.uci.edu/~aces/date05.htm
2025-11-03 07:23:23,088 - SCRAPER - INFO - low info url: http://www.ics.uci.edu/~aces/imaivisitjun05.htm
2025-11-03 07:23:23,759 - SCRAPER - INFO - low info url: http://www.ics.uci.edu/~aces/isss_97.htm
2025-11-03 07:23:24,450 - SCRAPER - INFO - low info url: http://www.ics.uci.edu/~aces/codes_04.htm
2025-11-03 07:23:25,123 - SCRAPER - INFO - low info url: http://www.ics.uci.edu/~aces/dac_97.htm
2025-11-03 07:23:25,804 - SCRAPER - INFO - low info url: http://www.ics.uci.edu/~aces/fall05.htm
2025-11-03 07:23:26,479 - SCRAPER - INFO - low info url: http://www.ics.uci.edu/~aces/cecs99.htm
2025-11-03 07:23:27,134 - SCRAPER - INFO - low info url: http://www.ics.uci.edu/~aces/prabhat_farewell.htm
2025-11-03 07:25:00,851 - SCRAPER - INFO - low info url: https://cyberclub.ics.uci.edu/news/ccdc-25-nightwing-post-tour
2025-11-03 07:25:03,343 - SCRAPER - INFO - low info url: https://cyberclub.ics.uci.edu/news/ccdc-25-nightwing-tour
2025-11-03 07:28:41,477 - SCRAPER - INFO - low info url: http://cert.ics.uci.edu/aboutus.html
2025-11-03 07:28:42,899 - SCRAPER - INFO - low info url: http://cert.ics.uci.edu/publications.html
2025-11-03 07:28:50,418 - SCRAPER - INFO - low info url: http://www.ics.uci.edu/~projects/dissemination/schoolWorkshop/docs.htm
2025-11-03 07:28:55,020 - SCRAPER - INFO - low info url: http://www.ics.uci.edu/~dvk/GDF
2025-11-03 07:30:15,627 - SCRAPER - INFO - low info url: http://www.ics.uci.edu/~dvk/pub/C16_SIGMOD14_Jeffrey.ppsx
2025-11-03 07:30:54,063 - SCRAPER - INFO - low info url: http://sherlock.ics.uci.edu/code.html
2025-11-03 07:30:57,435 - SCRAPER - INFO - low info url: http://www.ics.uci.edu/%7Egmark
2025-11-03 07:31:40,114 - SCRAPER - INFO - low info url: http://www.ics.uci.edu/~shantas/publications/19-partition_computation_shantanu_icde.ppsx
2025-11-03 07:32:14,912 - SCRAPER - INFO - low info url: http://www.ics.uci.edu/~shantas/publications/19-IoT_Notary_NCA_NishaShantanu_best_paper.ppsx
2025-11-03 07:33:37,731 - SCRAPER - INFO - low info url: http://www.ics.uci.edu/~shantas/publications/19-obscure_secret-sharing_shantanu-sharma_vldb.ppsx
2025-11-03 07:34:18,945 - SCRAPER - INFO - low info url: http://www.ics.uci.edu/~shantas/class/2019/cs122a/indexing.ppsx
2025-11-03 07:34:41,541 - SCRAPER - INFO - low info url: http://www.ics.uci.edu/~shantas/publications/15-Interval_join_on_MapReduce.ppsx
2025-11-03 07:34:51,517 - SCRAPER - INFO - low info url: http://www.ics.uci.edu/~shantas/publications/16-Private_and_Secure_Secret_Shared_MapReduce.ppsx
2025-11-03 07:40:25,394 - SCRAPER - INFO - Skipping large file: http://www.ics.uci.edu/~shantas/tutorials/20-sharma-codaspy-Information_Theoretically_Secure_Data_Outsourcing.ppsx (10026269 bytes)
2025-11-03 07:40:34,713 - SCRAPER - INFO - low info url: http://www.ics.uci.edu/~shantas/publications/14-Assignment_Problems_of_Different-Sized_Inputs_in_MapReduce_DISC.ppsx
2025-11-03 07:40:42,269 - SCRAPER - INFO - low info url: http://www.ics.uci.edu/~shantas/publications/15-All2All_X2Y.ppsx
2025-11-03 07:55:39,793 - SCRAPER - INFO - Skipping large file: http://www.ics.uci.edu/~shantas/tutorials/20-icde-crypto_encryption_secret-sharing_sgx_tutorial.ppsx (30646894 bytes)
2025-11-03 08:03:33,551 - SCRAPER - INFO - Skipping large file: http://www.ics.uci.edu/~shantas/publications/20-IoTExpunge_sensor_data_deletion_codaspy.ppsx (16310541 bytes)
2025-11-03 08:05:38,175 - SCRAPER - INFO - low info url: http://www.ics.uci.edu/~shantas/publications/21-Concealer_EDBT_Sharma.ppsx
2025-11-03 08:05:56,518 - SCRAPER - INFO - low info url: http://www.ics.uci.edu/~shantas/publications/15-5G_survey.ppsx
2025-11-03 08:08:45,422 - SCRAPER - INFO - low info url: http://www.ics.uci.edu/~shantas/publications/19-privacy_smart_home_codaspy.ppsx
2025-11-03 08:09:17,536 - SCRAPER - INFO - low info url: http://www.ics.uci.edu/~shantas/publications/14-Termination_Detection_in_Cognitive_Radio_Networks.ppsx
2025-11-03 08:10:57,427 - SCRAPER - INFO - low info url: http://www.ics.uci.edu/~shantas/publications/20-secret-sharing-aggregation-TKDE-shantanu
2025-11-03 08:11:10,448 - SCRAPER - INFO - low info url: http://www.ics.uci.edu/~shantas/publications/15-Meta-MapReduce.ppsx
2025-11-03 08:22:33,029 - SCRAPER - INFO - Skipping large file: http://www.ics.uci.edu/~shantas/tutorials/19-ieee-secure_data_processing.ppsx (22661794 bytes)
2025-11-03 08:22:42,764 - SCRAPER - INFO - low info url: http://www.ics.uci.edu/~shantas/publications/12-Self-stabilizing_End-to-End_Communication.ppsx
2025-11-03 08:24:05,960 - SCRAPER - INFO - low info url: http://www.ics.uci.edu/~shantas/publications/21-SIGMOD-Sharma-PSI+PSU.ppsx
2025-11-03 08:24:31,184 - SCRAPER - INFO - low info url: http://www.ics.uci.edu/~shantas/16-shantanu_sharma_thesis_slides.ppsx
2025-11-03 08:25:10,683 - SCRAPER - INFO - low info url: http://mailman.ics.uci.edu/pipermail/board.mhcid
2025-11-03 08:25:17,120 - SCRAPER - INFO - low info url: https://mailman.ics.uci.edu/mailman/admin/nsf-career
2025-11-03 08:25:26,205 - SCRAPER - INFO - low info url: http://mailman.ics.uci.edu/pipermail/faculty.mhcid
2025-11-03 08:25:32,621 - SCRAPER - INFO - low info url: http://www.ics.uci.edu/%7Eronen
2025-11-03 08:25:46,073 - SCRAPER - INFO - low info url: https://www.ics.uci.edu/~projects/dissemination/workshops.htm
2025-11-03 08:26:19,108 - SCRAPER - INFO - low info url: http://www-db.ics.uci.edu/pages/raccoon
2025-11-03 08:26:19,717 - SCRAPER - INFO - low info url: http://www-db.ics.uci.edu/pages/research/distrib.shtml
2025-11-03 08:26:24,763 - SCRAPER - INFO - low info url: https://www.ics.uci.edu/~raccoon
2025-11-03 08:26:35,994 - SCRAPER - INFO - low info url: https://www.ics.uci.edu/~cs237
2025-11-03 08:59:40,317 - SCRAPER - INFO - low info url: http://cwicsocal18.ics.uci.edu/sponsors
2025-11-03 08:59:47,727 - SCRAPER - INFO - low info url: http://cwicsocal18.ics.uci.edu/photos
2025-11-03 08:59:50,219 - SCRAPER - INFO - low info url: http://cwicsocal18.ics.uci.edu/sponsors/sponsor-information
2025-11-03 09:00:07,121 - SCRAPER - INFO - low info url: http://www.ics.uci.edu/~irani
2025-11-03 09:00:49,973 - SCRAPER - INFO - low info url: http://computableplant.ics.uci.edu/alphasite/sponsors.html
2025-11-03 09:00:53,958 - SCRAPER - INFO - low info url: http://computableplant.ics.uci.edu/outreach.html
2025-11-03 09:00:57,768 - SCRAPER - INFO - low info url: http://computableplant.ics.uci.edu/gallery/gallery.html
2025-11-03 09:01:00,942 - SCRAPER - INFO - low info url: http://computableplant.ics.uci.edu/models/index.html
2025-11-03 09:01:10,407 - SCRAPER - INFO - low info url: http://computableplant.ics.uci.edu/sw/segtrack/index.html
2025-11-03 09:01:10,970 - SCRAPER - INFO - low info url: http://computableplant.ics.uci.edu/sw/clsmtools
2025-11-03 09:01:17,407 - SCRAPER - INFO - low info url: http://www.ics.uci.edu/~pfbaldi?page=publications_test3
2025-11-03 09:04:46,304 - SCRAPER - INFO - low info url: http://www.ics.uci.edu/~djp3
2025-11-03 09:06:32,173 - SCRAPER - INFO - low info url: https://www.ics.uci.edu/~daeyuns/layered-epipolar-cnn
2025-11-03 09:09:36,169 - SCRAPER - INFO - low info url: http://pepito.proteomics.ics.uci.edu
2025-11-03 09:09:40,392 - SCRAPER - INFO - low info url: http://cybert.ics.uci.edu/static/sampledata/CyberT_ANOVA_DataSet
2025-11-03 09:10:14,933 - SCRAPER - INFO - low info url: http://cdb.ics.uci.edu/cgibin/marvin_wsgi_application.py?parentForm=Mass2Structure&smilesField=filter_smiles&JMEPopupWeb=True
2025-11-03 09:10:18,103 - SCRAPER - INFO - low info url: https://ics.uci.edu/~baldig/learning/FDA_Liver
2025-11-03 09:10:19,160 - SCRAPER - INFO - low info url: https://ics.uci.edu/~baldig/learning/Guha
2025-11-03 09:10:25,033 - SCRAPER - INFO - low info url: https://ics.uci.edu/~baldig/learning/Cytochrome
2025-11-03 09:10:25,594 - SCRAPER - INFO - low info url: https://ics.uci.edu/~baldig/learning/Bursi
2025-11-03 09:10:29,837 - SCRAPER - INFO - low info url: https://ics.uci.edu/~baldig/learning/Steroids
2025-11-03 09:10:30,401 - SCRAPER - INFO - low info url: https://ics.uci.edu/~baldig/learning/Delaney
2025-11-03 09:10:35,171 - SCRAPER - INFO - low info url: https://ics.uci.edu/~baldig/learning/SXR
2025-11-03 09:10:35,737 - SCRAPER - INFO - low info url: https://ics.uci.edu/~baldig/learning/FDA_Carcinogenicity
2025-11-03 09:10:40,595 - SCRAPER - INFO - low info url: https://ics.uci.edu/~baldig/learning/amicbase
2025-11-03 09:10:41,167 - SCRAPER - INFO - low info url: https://ics.uci.edu/~baldig/learning/alkanes
2025-11-03 09:10:45,866 - SCRAPER - INFO - low info url: https://ics.uci.edu/~baldig/learning/nci/gi50
2025-11-03 09:10:46,440 - SCRAPER - INFO - low info url: https://ics.uci.edu/~baldig/learning/Huuskonen
2025-11-03 09:10:54,016 - SCRAPER - INFO - low info url: https://ics.uci.edu/~baldig/learning/benigni
2025-11-03 09:10:54,576 - SCRAPER - INFO - low info url: https://ics.uci.edu/~baldig/learning/134proteins
2025-11-03 09:10:59,174 - SCRAPER - INFO - low info url: https://ics.uci.edu/~baldig/learning/Caco2
2025-11-03 09:10:59,745 - SCRAPER - INFO - low info url: https://ics.uci.edu/~baldig/learning/Benzodiazepine
2025-11-03 09:11:04,587 - SCRAPER - INFO - low info url: https://ics.uci.edu/~baldig/learning/Bergstrom
2025-11-03 09:11:09,051 - SCRAPER - INFO - low info url: http://www.ics.uci.edu/~dock/manuals/xlogp2.1
2025-11-03 09:14:55,026 - SCRAPER - INFO - low info url: http://cdb.ics.uci.edu/supplement/randomSmiles100K
2025-11-03 09:14:56,214 - SCRAPER - INFO - low info url: http://cdb.ics.uci.edu/cgibin/reaction/VirtualSpaceWeb.py
2025-11-03 09:14:59,707 - SCRAPER - INFO - low info url: http://cdb.ics.uci.edu/supplement/ChemDB_Update.bib
2025-11-03 09:15:18,641 - SCRAPER - INFO - low info url: http://cdb.ics.uci.edu/cgibin/JMEPopupWeb.py?parentForm=MolInfoWeb&smilesField=smiles&JMEPopupWeb=True
2025-11-03 09:15:21,647 - SCRAPER - INFO - low info url: http://circadiomics.ics.uci.edu
2025-11-03 09:15:33,231 - SCRAPER - INFO - low info url: http://selectpro.proteomics.ics.uci.edu/T0283_FOLDpro.pdb.txt
2025-11-03 09:15:35,513 - SCRAPER - INFO - low info url: http://selectpro.proteomics.ics.uci.edu/T0283.seq
2025-11-03 09:15:57,836 - SCRAPER - INFO - low info url: http://mlphysics.ics.uci.edu/data/2023_GAAM
2025-11-03 09:15:58,395 - SCRAPER - INFO - low info url: http://mlphysics.ics.uci.edu/data/hepjets
2025-11-03 09:15:58,960 - SCRAPER - INFO - low info url: http://mlphysics.ics.uci.edu/data/susy
2025-11-03 09:16:03,743 - SCRAPER - INFO - low info url: http://mlphysics.ics.uci.edu/data/hb_jet_flavor_2016
2025-11-03 09:16:04,315 - SCRAPER - INFO - low info url: http://mlphysics.ics.uci.edu/data/2021_muon
2025-11-03 09:16:18,479 - SCRAPER - INFO - low info url: http://mlphysics.ics.uci.edu/data/htautau
2025-11-03 09:16:25,390 - SCRAPER - INFO - low info url: http://mlphysics.ics.uci.edu/data/higgs
2025-11-03 09:16:37,609 - SCRAPER - INFO - low info url: http://computableplant.ics.uci.edu/bti1036/errata.html
2025-11-03 09:17:33,196 - SCRAPER - INFO - low info url: https://www.ics.uci.edu/~gmark/Home_page/Videos_of_talks.html
2025-11-03 09:18:09,784 - SCRAPER - INFO - low info url: http://computableplant.ics.uci.edu/papers/2006/phyllotaxis05/pathwayV5.nb
2025-11-03 09:18:28,751 - SCRAPER - INFO - low info url: https://emj.ics.uci.edu/wp-login.php?redirect_to=https%3A%2F%2Femj.ics.uci.edu%2Fpapers%2F
2025-11-03 09:18:56,574 - SCRAPER - INFO - low info url: http://computableplant.ics.uci.edu/%7Ecompanib/SigMech
2025-11-03 09:18:58,237 - SCRAPER - INFO - low info url: http://www.ics.uci.edu/~emj/people.html
2025-11-03 09:19:26,461 - SCRAPER - INFO - low info url: https://emj.ics.uci.edu/comments/feed
2025-11-03 09:22:41,669 - SCRAPER - INFO - low info url: http://www.ics.uci.edu/~wayne
2025-11-03 09:23:06,089 - SCRAPER - INFO - low info url: http://radicle.ics.uci.edu
2025-11-03 09:23:07,816 - SCRAPER - INFO - low info url: http://www.ics.uci.edu/~projects/satware
2025-11-03 09:23:09,667 - SCRAPER - INFO - low info url: https://ics.uci.edu/group
2025-11-03 09:23:58,620 - SCRAPER - INFO - low info url: http://www.ics.uci.edu/~jwongma
2025-11-03 09:38:41,842 - SCRAPER - INFO - low info url: https://www.ics.uci.edu/~fielding/talks/ssapache/title.htm
2025-11-03 09:41:10,563 - SCRAPER - INFO - low info url: https://www.ics.uci.edu/~irus/wisen/wisen98/presentations/Summary-Applications
2025-11-03 09:41:11,890 - SCRAPER - INFO - low info url: https://www.ics.uci.edu/~irus/wisen/wisen98/presentations/Segall
2025-11-03 09:41:16,726 - SCRAPER - INFO - low info url: https://www.ics.uci.edu/~irus/wisen/wisen98/presentations/Summary-Security
2025-11-03 09:41:20,059 - SCRAPER - INFO - low info url: https://www.ics.uci.edu/~irus/wisen/wisen98/presentations/Overview-Applications
2025-11-03 09:41:23,572 - SCRAPER - INFO - low info url: https://www.ics.uci.edu/~irus/wisen/wisen98/presentations/Summary-Technologies
2025-11-03 09:41:32,571 - SCRAPER - INFO - low info url: https://www.ics.uci.edu/~irus/wisen/wisen98/presentations/Reddy
2025-11-03 09:41:36,636 - SCRAPER - INFO - low info url: https://www.ics.uci.edu/~irus/wisen/wisen98/presentations/Summary-Scale
2025-11-03 09:42:33,066 - SCRAPER - INFO - low info url: http://www.ics.uci.edu/~kay/scheme/simple-file-io.ss
2025-11-03 09:42:42,038 - SCRAPER - INFO - low info url: http://www.ics.uci.edu/~kay/courses/h21/hw/hw9.html
2025-11-03 09:43:16,561 - SCRAPER - INFO - low info url: http://www.ics.uci.edu/~kay/scheme/advanced-file-io.ss
2025-11-03 09:43:36,929 - SCRAPER - INFO - low info url: http://www.ics.uci.edu/~kay/courses/i41/hw/lab1.html
2025-11-03 09:43:53,262 - SCRAPER - INFO - low info url: http://www.ics.uci.edu/~kay/courses/i41/hw/lab2.html
2025-11-03 09:44:05,012 - SCRAPER - INFO - low info url: http://www.ics.uci.edu/~kay/courses/i41/hw/lab9.html
2025-11-03 09:44:55,565 - SCRAPER - INFO - low info url: http://www.ics.uci.edu/~kay/courses/i42/wildride/data/rides.txt
2025-11-03 09:44:58,186 - SCRAPER - INFO - low info url: http://www.ics.uci.edu/~kay/courses/i42/wildride/simulator.py
2025-11-03 09:44:58,754 - SCRAPER - INFO - low info url: http://www.ics.uci.edu/~kay/courses/i42/wildride/data/customers.txt
2025-11-03 09:45:03,906 - SCRAPER - INFO - low info url: http://www.ics.uci.edu/~kay/courses/i42/wildride/data/1000customers.txt
2025-11-03 09:45:04,774 - SCRAPER - INFO - low info url: http://www.ics.uci.edu/~kay/courses/i42/wildride/data/customers2.txt
2025-11-03 09:57:24,629 - SCRAPER - INFO - low info url: https://graphics.ics.uci.edu/calendar.html
2025-11-03 10:07:10,395 - SCRAPER - INFO - low info url: http://www.ics.uci.edu/~jacobson/ics45J/CourseGrades.html
2025-11-03 10:07:44,872 - SCRAPER - INFO - low info url: http://www.ics.uci.edu/~jacobson/ics23/ChainListHandout
2025-11-03 10:07:48,027 - SCRAPER - INFO - low info url: http://www.ics.uci.edu/~jacobson/ics23/ProxmapHandout
2025-11-03 10:07:51,605 - SCRAPER - INFO - low info url: http://www.ics.uci.edu/~jacobson/ics23/CourseGrades.html
2025-11-03 10:08:13,370 - SCRAPER - INFO - low info url: http://www.ics.uci.edu/~jacobson/ics21/CourseGradesAfter.html
2025-11-03 10:09:05,626 - SCRAPER - INFO - low info url: http://www.ics.uci.edu/%7Ejacobson/Bio.html
2025-11-03 10:09:09,466 - SCRAPER - INFO - low info url: http://www.ics.uci.edu/~jacobson/cs122b/CourseGrades.html
2025-11-03 10:09:11,229 - SCRAPER - INFO - low info url: http://www.ics.uci.edu/~jacobson/cs122b/Announcements.html
2025-11-03 10:09:15,072 - SCRAPER - INFO - low info url: http://www.ics.uci.edu/~jacobson/cs122b/Project/08-Phase5SuppSW/SlideShow.xml
2025-11-03 10:09:16,971 - SCRAPER - INFO - low info url: http://www.ics.uci.edu/~jacobson/cs122b/Project/08-Phase5SuppSW/SlideShow.dtd
2025-11-03 10:09:17,551 - SCRAPER - INFO - low info url: http://www.ics.uci.edu/~jacobson/cs122b/Project/08-Phase5SuppSW/FabFlixsXML.dtd
2025-11-03 10:09:32,967 - SCRAPER - INFO - low info url: http://www.ics.uci.edu/~jacobson/cs122b/Project/06-Phase3SuppSW/LEDAforPostgresql.c
2025-11-03 10:09:57,727 - SCRAPER - INFO - low info url: http://www.ics.uci.edu/~jacobson/cs122b/Project/TomcatTest.war
2025-11-03 10:10:25,706 - SCRAPER - INFO - low info url: http://www.ics.uci.edu/~jacobson/cs122b/Project/04-FabFlixsTestData.txt
2025-11-03 10:10:47,480 - SCRAPER - INFO - low info url: http://www.ics.uci.edu/~jacobson/ics10A/CourseGrades.html
2025-11-03 10:10:50,564 - SCRAPER - INFO - low info url: http://www.ics.uci.edu/~jacobson/ics10A/LabManual/00-LabManual.html
2025-11-03 10:10:55,341 - SCRAPER - INFO - low info url: http://www.ics.uci.edu/~jacobson/ics23/CourseGradesAfter.html
2025-11-03 10:11:05,167 - SCRAPER - INFO - low info url: http://www.ics.uci.edu/%7Ejacobson/IntroCourses.html
2025-11-03 10:31:31,412 - SCRAPER - INFO - low info url: https://student-council.ics.uci.edu/board
2025-11-03 10:41:28,207 - SCRAPER - INFO - low info url: https://www.stat.uci.edu/covid19/index.html
2025-11-03 10:45:04,324 - SCRAPER - INFO - low info url: http://www.ics.uci.edu/~jutts/GAISE/GAISE.pps
2025-11-03 10:45:48,554 - SCRAPER - INFO - low info url: http://www.ics.uci.edu/~wjohnson/BIDA/BIDABook.html
2025-11-03 10:47:00,724 - SCRAPER - INFO - low info url: https://www.stat.uci.edu/covid19/cencal-counties.html
2025-11-03 10:47:52,467 - SCRAPER - INFO - low info url: https://www.stat.uci.edu/covid19/socal-counties.html
2025-11-03 10:48:36,025 - SCRAPER - INFO - low info url: https://www.stat.uci.edu/covid19/norcal-counties.html
2025-11-03 10:49:09,379 - SCRAPER - INFO - low info url: https://www.stat.uci.edu/covid19/la-norcal.html
2025-11-03 10:49:50,828 - SCRAPER - INFO - low info url: https://www.stat.uci.edu/covid19/oc-norcal.html
2025-11-03 10:55:18,215 - SCRAPER - INFO - low info url: http://www.ics.uci.edu/~babaks/BWR/Home_files/Survival.txt
2025-11-03 10:55:20,372 - SCRAPER - INFO - low info url: http://www.ics.uci.edu/~babaks/BWR/Home_files/birthwt.txt
2025-11-03 10:55:22,684 - SCRAPER - INFO - low info url: http://www.ics.uci.edu/~babaks/BWR/Home_files/AsthmaLOS.txt
2025-11-03 10:55:24,082 - SCRAPER - INFO - low info url: http://www.ics.uci.edu/~babaks/BWR/Home_files/BodyTemperature.txt
2025-11-03 10:55:26,177 - SCRAPER - INFO - low info url: http://www.ics.uci.edu/~babaks/BWR/Home_files/Protein.txt
2025-11-03 11:05:38,862 - SCRAPER - INFO - low info url: https://gitlab.ics.uci.edu
2025-11-03 11:05:43,382 - SCRAPER - INFO - low info url: https://checkin.ics.uci.edu/index.php?r=site/about
2025-11-03 11:06:20,829 - SCRAPER - INFO - low info url: https://helpdesk.ics.uci.edu
2025-11-03 11:06:28,464 - SCRAPER - INFO - low info url: https://containers.ics.uci.edu
2025-11-03 11:07:49,615 - SCRAPER - INFO - low info url: https://pgadmin.ics.uci.edu
2025-11-03 11:11:49,147 - SCRAPER - INFO - low info url: https://intranet.ics.uci.edu/doku.php
2025-11-03 11:11:50,289 - SCRAPER - INFO - low info url: https://intranet.ics.uci.edu/doku.php/personnel:start
2025-11-03 11:12:07,665 - SCRAPER - INFO - low info url: https://intranet.ics.uci.edu/doku.php/business_office:start
2025-11-03 11:14:41,055 - SCRAPER - INFO - low info url: http://www.ics.uci.edu/~lab/lab_schedule/schedules/189.html
2025-11-03 11:14:41,998 - SCRAPER - INFO - low info url: http://www.ics.uci.edu/~lab/lab_schedule/schedules/192.html
2025-11-03 11:14:42,931 - SCRAPER - INFO - low info url: http://www.ics.uci.edu/~lab/lab_schedule/schedules/183.html
2025-11-03 11:14:43,855 - SCRAPER - INFO - low info url: http://www.ics.uci.edu/~lab/lab_schedule/schedules/364a.html
2025-11-03 11:18:42,937 - SCRAPER - INFO - low info url: http://www.ics.uci.edu/~wmt/socialCodeGroup/publications.html
2025-11-03 11:18:44,573 - SCRAPER - INFO - low info url: http://www.ics.uci.edu/~wmt/ecoRaft
2025-11-03 11:18:47,755 - SCRAPER - INFO - low info url: http://www.ics.uci.edu/~wmt/socialCodeGroup/press.html
2025-11-03 11:18:49,230 - SCRAPER - INFO - low info url: http://www.ics.uci.edu/~jpd
2025-11-03 11:21:21,220 - SCRAPER - INFO - low info url: http://www.ics.uci.edu/%7Ewscacchi/Presentations/Thumbs.db
2025-11-03 11:21:35,044 - SCRAPER - INFO - low info url: http://www.ics.uci.edu/%7Ewscacchi/Presentations/SSDVE
2025-11-03 11:25:15,197 - SCRAPER - INFO - low info url: https://support.ics.uci.edu/elnino2/web/phonebook
2025-11-03 11:25:22,275 - SCRAPER - INFO - low info url: https://hack.ics.uci.edu
2025-11-03 11:30:09,848 - SCRAPER - INFO - low info url: https://gradinfo.ics.uci.edu
2025-11-03 11:31:23,757 - SCRAPER - INFO - low info url: http://www.ics.uci.edu/~redmiles
2025-11-03 11:32:59,735 - SCRAPER - INFO - low info url: http://www.ics.uci.edu/~asuncion/GuitarFactory/picking5.htm
2025-11-03 11:33:00,301 - SCRAPER - INFO - low info url: http://www.ics.uci.edu/~asuncion/GuitarFactory/picking6.htm
2025-11-03 11:33:00,848 - SCRAPER - INFO - low info url: http://www.ics.uci.edu/~asuncion/GuitarFactory/picking2.htm
2025-11-03 11:33:01,431 - SCRAPER - INFO - low info url: http://www.ics.uci.edu/~asuncion/GuitarFactory/strum3.htm
2025-11-03 11:33:01,983 - SCRAPER - INFO - low info url: http://www.ics.uci.edu/~asuncion/GuitarFactory/strum1.htm
2025-11-03 11:33:02,529 - SCRAPER - INFO - low info url: http://www.ics.uci.edu/~asuncion/GuitarFactory/strum2.htm
2025-11-03 11:33:03,078 - SCRAPER - INFO - low info url: http://www.ics.uci.edu/~asuncion/GuitarFactory/picking1.htm
2025-11-03 11:33:03,651 - SCRAPER - INFO - low info url: http://www.ics.uci.edu/~asuncion/GuitarFactory/picking7.htm
2025-11-03 11:33:04,198 - SCRAPER - INFO - low info url: http://www.ics.uci.edu/~asuncion/GuitarFactory/picking3.htm
2025-11-03 11:33:04,746 - SCRAPER - INFO - low info url: http://www.ics.uci.edu/~asuncion/GuitarFactory/picking4.htm
2025-11-03 11:33:16,417 - SCRAPER - INFO - low info url: http://www.ics.uci.edu/~asuncion/GuitarFactory/GIG/gig.htm
2025-11-03 11:33:29,723 - SCRAPER - INFO - low info url: http://www.ics.uci.edu/~asuncion/blog.htm
2025-11-03 11:40:29,704 - SCRAPER - INFO - low info url: http://www.ics.uci.edu/~djr
2025-11-03 11:41:01,663 - SCRAPER - INFO - low info url: http://archive.ics.uci.edu/auth/login/google
